<?xml version="1.0" encoding="UTF-8"?>
<!-- Generated by org.testng.reporters.JUnitXMLReporter -->
<testsuite ignored="0" hostname="d748348-w10n" failures="0" tests="3" name="CarLoan" time="0.006" errors="0" timestamp="2020-10-15T17:41:25 IST">
  <testcase classname="Test.Lecture145_3" name="apiLoginCar" time="0.001"/>
  <testcase classname="Test.Lecture145_3" name="mobileLoginCar" time="0.001"/>
  <testcase classname="Test.Lecture145_3" name="webLoginCar" time="0.0"/>
</testsuite> <!-- CarLoan -->
